2020-09-07 19:33:35.925 [INFO ] [.dashboard.internal.DashboardService] - Started Dashboard at http://192.168.1.56:8080
2020-09-07 19:33:35.942 [INFO ] [.dashboard.internal.DashboardService] - Started Dashboard at https://192.168.1.56:8443
2020-09-07 19:33:37.908 [INFO ] [thome.model.lsp.internal.ModelServer] - Started Language Server Protocol (LSP) service on port 5007
2020-09-07 19:41:00.342 [INFO ] [.core.internal.i18n.I18nProviderImpl] - Location set to '55.514507,36.985512'.
2020-09-07 19:42:13.809 [INFO ] [openhab.ui.paper.internal.PaperUIApp] - Started Paper UI at /paperui
2020-09-07 19:42:13.954 [INFO ] [panel.internal.HABPanelDashboardTile] - Started HABPanel at /habpanel
2020-09-07 19:42:14.688 [INFO ] [ui.habmin.internal.servlet.HABminApp] - Started HABmin servlet at /habmin
2020-09-29 22:54:26.604 [INFO ] [.core.internal.i18n.I18nProviderImpl] - Location set to '55.514507,36.985512'.
2020-09-29 22:54:33.064 [INFO ] [thome.model.lsp.internal.ModelServer] - Started Language Server Protocol (LSP) service on port 5007
2020-09-29 22:54:33.807 [INFO ] [.dashboard.internal.DashboardService] - Started Dashboard at http://192.168.3.3:8080
2020-09-29 22:54:33.808 [INFO ] [.dashboard.internal.DashboardService] - Started Dashboard at https://192.168.3.3:8443
2020-09-29 22:54:34.244 [INFO ] [ui.habmin.internal.servlet.HABminApp] - Started HABmin servlet at /habmin
2020-09-29 22:54:34.308 [INFO ] [panel.internal.HABPanelDashboardTile] - Started HABPanel at /habpanel
2020-09-29 22:54:34.363 [INFO ] [openhab.ui.paper.internal.PaperUIApp] - Started Paper UI at /paperui
2020-09-29 22:56:24.286 [INFO ] [openhab.ui.paper.internal.PaperUIApp] - Stopped Paper UI
2020-09-29 22:56:24.318 [INFO ] [panel.internal.HABPanelDashboardTile] - Stopped HABPanel
2020-09-29 22:56:24.333 [INFO ] [ui.habmin.internal.servlet.HABminApp] - Stopped HABmin servlet
2020-09-29 22:56:24.391 [INFO ] [assic.internal.servlet.WebAppServlet] - Stopped Classic UI
2020-09-29 22:56:24.422 [INFO ] [basic.internal.servlet.WebAppServlet] - Stopped Basic UI
2020-09-29 22:56:31.544 [INFO ] [ui.habmin.internal.servlet.HABminApp] - Started HABmin servlet at /habmin
2020-09-29 22:56:31.597 [INFO ] [panel.internal.HABPanelDashboardTile] - Started HABPanel at /habpanel
2020-09-29 22:56:31.653 [INFO ] [openhab.ui.paper.internal.PaperUIApp] - Started Paper UI at /paperui
2020-09-29 23:00:17.053 [INFO ] [g.discovery.internal.PersistentInbox] - Added new thing 'yeelight:wonder:0x0000000012c5f656' to inbox.
2020-09-29 23:00:24.304 [INFO ] [light.internal.lib.device.DeviceBase] - status = DeviceStatus [isPowerOff=true, r=255, g=153, b=0, color=16750848, brightness=1, ct=3000, hue=36, sat=100, isFlowing=false, delayOff=-1, mFlowItems=null, mode=null, isMusicOn=false, name=, backgroundIsPowerOff=false, backgroundR=0, backgroundG=0, backgroundB=0, backgroundHue=0, backgroundBrightness=0, backgroundSat=0, activeMode=null]
2020-09-29 23:00:33.296 [INFO ] [light.internal.lib.device.DeviceBase] - status = DeviceStatus [isPowerOff=false, r=255, g=153, b=0, color=16750848, brightness=1, ct=3000, hue=36, sat=100, isFlowing=false, delayOff=-1, mFlowItems=null, mode=null, isMusicOn=false, name=, backgroundIsPowerOff=false, backgroundR=0, backgroundG=0, backgroundB=0, backgroundHue=0, backgroundBrightness=0, backgroundSat=0, activeMode=null]
2020-09-29 23:01:05.758 [INFO ] [light.internal.lib.device.DeviceBase] - status = DeviceStatus [isPowerOff=true, r=255, g=153, b=0, color=16750848, brightness=1, ct=3000, hue=36, sat=100, isFlowing=false, delayOff=-1, mFlowItems=null, mode=null, isMusicOn=false, name=, backgroundIsPowerOff=false, backgroundR=0, backgroundG=0, backgroundB=0, backgroundHue=0, backgroundBrightness=0, backgroundSat=0, activeMode=null]
2020-09-29 23:01:11.185 [INFO ] [light.internal.lib.device.DeviceBase] - status = DeviceStatus [isPowerOff=false, r=255, g=153, b=0, color=16750848, brightness=1, ct=3000, hue=36, sat=100, isFlowing=false, delayOff=-1, mFlowItems=null, mode=null, isMusicOn=false, name=, backgroundIsPowerOff=false, backgroundR=0, backgroundG=0, backgroundB=0, backgroundHue=0, backgroundBrightness=0, backgroundSat=0, activeMode=null]
2020-09-29 23:12:46.510 [INFO ] [light.internal.lib.device.DeviceBase] - status = DeviceStatus [isPowerOff=false, r=0, g=0, b=2, color=2, brightness=1, ct=3000, hue=240, sat=100, isFlowing=false, delayOff=-1, mFlowItems=null, mode=MODE_HSV, isMusicOn=false, name=, backgroundIsPowerOff=false, backgroundR=0, backgroundG=0, backgroundB=0, backgroundHue=0, backgroundBrightness=0, backgroundSat=0, activeMode=null]
2020-09-29 23:12:48.661 [INFO ] [light.internal.lib.device.DeviceBase] - status = DeviceStatus [isPowerOff=false, r=0, g=2, b=0, color=512, brightness=1, ct=3000, hue=120, sat=100, isFlowing=false, delayOff=-1, mFlowItems=null, mode=MODE_HSV, isMusicOn=false, name=, backgroundIsPowerOff=false, backgroundR=0, backgroundG=0, backgroundB=0, backgroundHue=0, backgroundBrightness=0, backgroundSat=0, activeMode=null]
2020-09-29 23:12:50.198 [INFO ] [light.internal.lib.device.DeviceBase] - status = DeviceStatus [isPowerOff=false, r=1, g=2, b=0, color=66048, brightness=1, ct=3000, hue=90, sat=100, isFlowing=false, delayOff=-1, mFlowItems=null, mode=MODE_HSV, isMusicOn=false, name=, backgroundIsPowerOff=false, backgroundR=0, backgroundG=0, backgroundB=0, backgroundHue=0, backgroundBrightness=0, backgroundSat=0, activeMode=null]
2020-09-29 23:12:52.857 [INFO ] [light.internal.lib.device.DeviceBase] - status = DeviceStatus [isPowerOff=false, r=0, g=2, b=0, color=512, brightness=1, ct=3000, hue=120, sat=100, isFlowing=false, delayOff=-1, mFlowItems=null, mode=MODE_HSV, isMusicOn=false, name=, backgroundIsPowerOff=false, backgroundR=0, backgroundG=0, backgroundB=0, backgroundHue=0, backgroundBrightness=0, backgroundSat=0, activeMode=null]
2020-09-29 23:12:54.045 [INFO ] [light.internal.lib.device.DeviceBase] - status = DeviceStatus [isPowerOff=false, r=0, g=0, b=2, color=2, brightness=1, ct=3000, hue=240, sat=100, isFlowing=false, delayOff=-1, mFlowItems=null, mode=MODE_HSV, isMusicOn=false, name=, backgroundIsPowerOff=false, backgroundR=0, backgroundG=0, backgroundB=0, backgroundHue=0, backgroundBrightness=0, backgroundSat=0, activeMode=null]
2020-09-29 23:12:55.213 [INFO ] [light.internal.lib.device.DeviceBase] - status = DeviceStatus [isPowerOff=false, r=0, g=2, b=0, color=512, brightness=1, ct=3000, hue=120, sat=100, isFlowing=false, delayOff=-1, mFlowItems=null, mode=MODE_HSV, isMusicOn=false, name=, backgroundIsPowerOff=false, backgroundR=0, backgroundG=0, backgroundB=0, backgroundHue=0, backgroundBrightness=0, backgroundSat=0, activeMode=null]
2020-09-29 23:12:55.932 [INFO ] [light.internal.lib.device.DeviceBase] - status = DeviceStatus [isPowerOff=false, r=2, g=0, b=2, color=131074, brightness=1, ct=3000, hue=300, sat=100, isFlowing=false, delayOff=-1, mFlowItems=null, mode=MODE_HSV, isMusicOn=false, name=, backgroundIsPowerOff=false, backgroundR=0, backgroundG=0, backgroundB=0, backgroundHue=0, backgroundBrightness=0, backgroundSat=0, activeMode=null]
2020-09-29 23:12:57.774 [INFO ] [light.internal.lib.device.DeviceBase] - status = DeviceStatus [isPowerOff=false, r=0, g=2, b=0, color=512, brightness=1, ct=3000, hue=120, sat=100, isFlowing=false, delayOff=-1, mFlowItems=null, mode=MODE_HSV, isMusicOn=false, name=, backgroundIsPowerOff=false, backgroundR=0, backgroundG=0, backgroundB=0, backgroundHue=0, backgroundBrightness=0, backgroundSat=0, activeMode=null]
2020-09-29 23:12:59.207 [INFO ] [light.internal.lib.device.DeviceBase] - status = DeviceStatus [isPowerOff=false, r=2, g=2, b=0, color=131584, brightness=1, ct=3000, hue=60, sat=100, isFlowing=false, delayOff=-1, mFlowItems=null, mode=MODE_HSV, isMusicOn=false, name=, backgroundIsPowerOff=false, backgroundR=0, backgroundG=0, backgroundB=0, backgroundHue=0, backgroundBrightness=0, backgroundSat=0, activeMode=null]
2020-09-29 23:13:01.051 [INFO ] [light.internal.lib.device.DeviceBase] - status = DeviceStatus [isPowerOff=false, r=2, g=0, b=2, color=131074, brightness=1, ct=3000, hue=300, sat=100, isFlowing=false, delayOff=-1, mFlowItems=null, mode=MODE_HSV, isMusicOn=false, name=, backgroundIsPowerOff=false, backgroundR=0, backgroundG=0, backgroundB=0, backgroundHue=0, backgroundBrightness=0, backgroundSat=0, activeMode=null]
2020-09-29 23:13:01.981 [INFO ] [light.internal.lib.device.DeviceBase] - status = DeviceStatus [isPowerOff=false, r=0, g=2, b=1, color=513, brightness=1, ct=3000, hue=150, sat=100, isFlowing=false, delayOff=-1, mFlowItems=null, mode=MODE_HSV, isMusicOn=false, name=, backgroundIsPowerOff=false, backgroundR=0, backgroundG=0, backgroundB=0, backgroundHue=0, backgroundBrightness=0, backgroundSat=0, activeMode=null]
2020-09-29 23:13:28.085 [INFO ] [light.internal.lib.device.DeviceBase] - status = DeviceStatus [isPowerOff=false, r=0, g=0, b=2, color=2, brightness=1, ct=3000, hue=240, sat=100, isFlowing=false, delayOff=-1, mFlowItems=null, mode=MODE_HSV, isMusicOn=false, name=, backgroundIsPowerOff=false, backgroundR=0, backgroundG=0, backgroundB=0, backgroundHue=0, backgroundBrightness=0, backgroundSat=0, activeMode=null]
2020-09-29 23:14:13.279 [INFO ] [light.internal.lib.device.DeviceBase] - status = DeviceStatus [isPowerOff=false, r=0, g=2, b=1, color=513, brightness=1, ct=3000, hue=150, sat=100, isFlowing=false, delayOff=-1, mFlowItems=null, mode=MODE_HSV, isMusicOn=false, name=, backgroundIsPowerOff=false, backgroundR=0, backgroundG=0, backgroundB=0, backgroundHue=0, backgroundBrightness=0, backgroundSat=0, activeMode=null]
2020-09-29 23:14:16.243 [INFO ] [light.internal.lib.device.DeviceBase] - status = DeviceStatus [isPowerOff=false, r=0, g=2, b=1, color=513, brightness=52, ct=3000, hue=150, sat=100, isFlowing=false, delayOff=-1, mFlowItems=null, mode=MODE_HSV, isMusicOn=false, name=, backgroundIsPowerOff=false, backgroundR=0, backgroundG=0, backgroundB=0, backgroundHue=0, backgroundBrightness=0, backgroundSat=0, activeMode=null]
2020-09-29 23:14:18.674 [INFO ] [light.internal.lib.device.DeviceBase] - status = DeviceStatus [isPowerOff=false, r=90, g=132, b=0, color=5932032, brightness=52, ct=3000, hue=79, sat=100, isFlowing=false, delayOff=-1, mFlowItems=null, mode=MODE_HSV, isMusicOn=false, name=, backgroundIsPowerOff=false, backgroundR=0, backgroundG=0, backgroundB=0, backgroundHue=0, backgroundBrightness=0, backgroundSat=0, activeMode=null]
2020-09-29 23:14:20.650 [INFO ] [light.internal.lib.device.DeviceBase] - status = DeviceStatus [isPowerOff=false, r=57, g=0, b=132, color=3735684, brightness=52, ct=3000, hue=266, sat=100, isFlowing=false, delayOff=-1, mFlowItems=null, mode=MODE_HSV, isMusicOn=false, name=, backgroundIsPowerOff=false, backgroundR=0, backgroundG=0, backgroundB=0, backgroundHue=0, backgroundBrightness=0, backgroundSat=0, activeMode=null]
2020-09-29 23:25:08.566 [INFO ] [light.internal.lib.device.DeviceBase] - status = DeviceStatus [isPowerOff=false, r=2, g=0, b=132, color=131204, brightness=52, ct=3000, hue=241, sat=100, isFlowing=false, delayOff=-1, mFlowItems=null, mode=MODE_HSV, isMusicOn=false, name=, backgroundIsPowerOff=false, backgroundR=0, backgroundG=0, backgroundB=0, backgroundHue=0, backgroundBrightness=0, backgroundSat=0, activeMode=null]
2020-09-29 23:25:12.363 [INFO ] [light.internal.lib.device.DeviceBase] - status = DeviceStatus [isPowerOff=false, r=46, g=0, b=132, color=3014788, brightness=52, ct=3000, hue=261, sat=100, isFlowing=false, delayOff=-1, mFlowItems=null, mode=MODE_HSV, isMusicOn=false, name=, backgroundIsPowerOff=false, backgroundR=0, backgroundG=0, backgroundB=0, backgroundHue=0, backgroundBrightness=0, backgroundSat=0, activeMode=null]
2020-09-29 23:25:14.912 [INFO ] [light.internal.lib.device.DeviceBase] - status = DeviceStatus [isPowerOff=false, r=28, g=0, b=132, color=1835140, brightness=52, ct=3000, hue=253, sat=100, isFlowing=false, delayOff=-1, mFlowItems=null, mode=MODE_HSV, isMusicOn=false, name=, backgroundIsPowerOff=false, backgroundR=0, backgroundG=0, backgroundB=0, backgroundHue=0, backgroundBrightness=0, backgroundSat=0, activeMode=null]
2020-09-29 23:29:27.337 [INFO ] [light.internal.lib.device.DeviceBase] - status = DeviceStatus [isPowerOff=false, r=5, g=5, b=5, color=328965, brightness=52, ct=3000, hue=0, sat=0, isFlowing=false, delayOff=-1, mFlowItems=null, mode=MODE_HSV, isMusicOn=false, name=, backgroundIsPowerOff=false, backgroundR=0, backgroundG=0, backgroundB=0, backgroundHue=0, backgroundBrightness=0, backgroundSat=0, activeMode=null]
2020-09-29 23:44:54.606 [INFO ] [light.internal.lib.device.DeviceBase] - status = DeviceStatus [isPowerOff=false, r=132, g=132, b=132, color=8684676, brightness=52, ct=3000, hue=0, sat=0, isFlowing=false, delayOff=-1, mFlowItems=null, mode=MODE_COLOR, isMusicOn=false, name=, backgroundIsPowerOff=false, backgroundR=0, backgroundG=0, backgroundB=0, backgroundHue=0, backgroundBrightness=0, backgroundSat=0, activeMode=null]
2020-09-30 00:00:34.984 [INFO ] [light.internal.lib.device.DeviceBase] - status = DeviceStatus [isPowerOff=true, r=132, g=132, b=132, color=8684676, brightness=52, ct=3000, hue=0, sat=0, isFlowing=false, delayOff=-1, mFlowItems=null, mode=MODE_COLOR, isMusicOn=false, name=, backgroundIsPowerOff=false, backgroundR=0, backgroundG=0, backgroundB=0, backgroundHue=0, backgroundBrightness=0, backgroundSat=0, activeMode=null]
2020-09-30 00:00:35.886 [INFO ] [light.internal.lib.device.DeviceBase] - status = DeviceStatus [isPowerOff=false, r=132, g=132, b=132, color=8684676, brightness=52, ct=3000, hue=0, sat=0, isFlowing=false, delayOff=-1, mFlowItems=null, mode=MODE_COLOR, isMusicOn=false, name=, backgroundIsPowerOff=false, backgroundR=0, backgroundG=0, backgroundB=0, backgroundHue=0, backgroundBrightness=0, backgroundSat=0, activeMode=null]
2020-09-30 00:01:22.439 [INFO ] [light.internal.lib.device.DeviceBase] - status = DeviceStatus [isPowerOff=true, r=132, g=132, b=132, color=8684676, brightness=52, ct=3000, hue=0, sat=0, isFlowing=false, delayOff=-1, mFlowItems=null, mode=MODE_COLOR, isMusicOn=false, name=, backgroundIsPowerOff=false, backgroundR=0, backgroundG=0, backgroundB=0, backgroundHue=0, backgroundBrightness=0, backgroundSat=0, activeMode=null]
2020-09-30 00:01:23.511 [INFO ] [light.internal.lib.device.DeviceBase] - status = DeviceStatus [isPowerOff=false, r=132, g=132, b=132, color=8684676, brightness=52, ct=3000, hue=0, sat=0, isFlowing=false, delayOff=-1, mFlowItems=null, mode=MODE_COLOR, isMusicOn=false, name=, backgroundIsPowerOff=false, backgroundR=0, backgroundG=0, backgroundB=0, backgroundHue=0, backgroundBrightness=0, backgroundSat=0, activeMode=null]
2020-09-30 00:01:37.890 [INFO ] [light.internal.lib.device.DeviceBase] - status = DeviceStatus [isPowerOff=true, r=132, g=132, b=132, color=8684676, brightness=52, ct=3000, hue=0, sat=0, isFlowing=false, delayOff=-1, mFlowItems=null, mode=MODE_COLOR, isMusicOn=false, name=, backgroundIsPowerOff=false, backgroundR=0, backgroundG=0, backgroundB=0, backgroundHue=0, backgroundBrightness=0, backgroundSat=0, activeMode=null]
2020-09-30 00:01:41.181 [INFO ] [light.internal.lib.device.DeviceBase] - status = DeviceStatus [isPowerOff=false, r=132, g=132, b=132, color=8684676, brightness=52, ct=3000, hue=0, sat=0, isFlowing=false, delayOff=-1, mFlowItems=null, mode=MODE_COLOR, isMusicOn=false, name=, backgroundIsPowerOff=false, backgroundR=0, backgroundG=0, backgroundB=0, backgroundHue=0, backgroundBrightness=0, backgroundSat=0, activeMode=null]
2020-10-23 10:36:59.606 [INFO ] [.core.internal.i18n.I18nProviderImpl] - Location set to '55.514507,36.985512'.
2020-10-23 10:37:07.997 [INFO ] [thome.model.lsp.internal.ModelServer] - Started Language Server Protocol (LSP) service on port 5007
2020-10-23 10:37:09.448 [INFO ] [.dashboard.internal.DashboardService] - Started Dashboard at http://192.168.1.56:8080
2020-10-23 10:37:09.449 [INFO ] [.dashboard.internal.DashboardService] - Started Dashboard at https://192.168.1.56:8443
2020-10-23 10:37:10.365 [INFO ] [ui.habmin.internal.servlet.HABminApp] - Started HABmin servlet at /habmin
2020-10-23 10:37:10.429 [INFO ] [panel.internal.HABPanelDashboardTile] - Started HABPanel at /habpanel
2020-10-23 10:37:10.501 [INFO ] [openhab.ui.paper.internal.PaperUIApp] - Started Paper UI at /paperui
2020-10-23 10:37:23.189 [INFO ] [openhab.ui.paper.internal.PaperUIApp] - Stopped Paper UI
2020-10-23 10:37:23.215 [INFO ] [panel.internal.HABPanelDashboardTile] - Stopped HABPanel
2020-10-23 10:37:23.236 [INFO ] [ui.habmin.internal.servlet.HABminApp] - Stopped HABmin servlet
2020-10-23 10:37:23.260 [INFO ] [assic.internal.servlet.WebAppServlet] - Stopped Classic UI
2020-10-23 10:37:23.300 [INFO ] [basic.internal.servlet.WebAppServlet] - Stopped Basic UI
2020-10-23 10:37:23.421 [INFO ] [.dashboard.internal.DashboardService] - Stopped Dashboard
2020-10-23 10:37:34.826 [INFO ] [.core.internal.i18n.I18nProviderImpl] - Location set to '55.514507,36.985512'.
2020-10-23 10:37:41.809 [INFO ] [thome.model.lsp.internal.ModelServer] - Started Language Server Protocol (LSP) service on port 5007
2020-10-23 10:52:09.058 [INFO ] [.core.internal.i18n.I18nProviderImpl] - Location set to '55.514507,36.985512'.
2020-10-23 10:52:17.257 [INFO ] [thome.model.lsp.internal.ModelServer] - Started Language Server Protocol (LSP) service on port 5007
2020-10-23 10:52:18.438 [INFO ] [.dashboard.internal.DashboardService] - Started Dashboard at http://192.168.1.56:8080
2020-10-23 10:52:18.439 [INFO ] [.dashboard.internal.DashboardService] - Started Dashboard at https://192.168.1.56:8443
2020-10-23 10:52:19.278 [INFO ] [ui.habmin.internal.servlet.HABminApp] - Started HABmin servlet at /habmin
2020-10-23 10:52:19.361 [INFO ] [panel.internal.HABPanelDashboardTile] - Started HABPanel at /habpanel
2020-10-23 10:52:19.480 [INFO ] [openhab.ui.paper.internal.PaperUIApp] - Started Paper UI at /paperui
2020-10-23 11:14:57.197 [WARN ] [org.apache.felix.fileinstall        ] - D:\Docs\MainDocs\VRSimulator\Org\OPENHAB\openhab-2.5.8\addons does not exist, please create it.
2020-10-23 11:14:57.208 [WARN ] [org.apache.felix.fileinstall        ] - Root path does not exist: D:\Docs\MainDocs\VRSimulator\Org\OPENHAB\openhab-2.5.8\addons
2020-10-23 11:15:00.190 [INFO ] [.core.internal.i18n.I18nProviderImpl] - Location set to '55.514507,36.985512'.
2020-10-23 11:15:08.036 [INFO ] [thome.model.lsp.internal.ModelServer] - Started Language Server Protocol (LSP) service on port 5007
2020-10-23 11:15:08.882 [INFO ] [.dashboard.internal.DashboardService] - Started Dashboard at http://192.168.1.56:8080
2020-10-23 11:15:08.883 [INFO ] [.dashboard.internal.DashboardService] - Started Dashboard at https://192.168.1.56:8443
2020-10-23 11:15:09.680 [INFO ] [ui.habmin.internal.servlet.HABminApp] - Started HABmin servlet at /habmin
2020-10-23 11:15:09.755 [INFO ] [panel.internal.HABPanelDashboardTile] - Started HABPanel at /habpanel
2020-10-23 11:15:09.821 [INFO ] [openhab.ui.paper.internal.PaperUIApp] - Started Paper UI at /paperui
2020-10-23 11:16:04.016 [WARN ] [lipse.smarthome.io.net.exec.ExecUtil] - Execution failed (Exit value: -559038737. Caused by java.io.IOException: Cannot run program "arping" (in directory "."): CreateProcess error=2, The system cannot find the file specified)
2020-10-23 11:16:04.705 [WARN ] [lipse.smarthome.io.net.exec.ExecUtil] - Execution failed (Exit value: -559038737. Caused by java.io.IOException: Cannot run program "arping" (in directory "."): CreateProcess error=2, The system cannot find the file specified)
2020-10-23 11:16:45.709 [INFO ] [g.discovery.internal.PersistentInbox] - Added new thing 'network:servicedevice:192_168_1_1_80' to inbox.
2020-10-23 11:16:45.861 [INFO ] [g.discovery.internal.PersistentInbox] - Added new thing 'network:pingdevice:192_168_1_1' to inbox.
2020-10-23 11:16:49.039 [INFO ] [g.discovery.internal.PersistentInbox] - Added new thing 'network:pingdevice:192_168_1_56' to inbox.
2020-10-23 11:17:01.276 [INFO ] [ternal.dhcp.DHCPPacketListenerServer] - DHCP request packet listener online
2020-10-23 11:19:05.787 [INFO ] [g.discovery.internal.PersistentInbox] - Added new thing 'network:servicedevice:192_168_1_1_80' to inbox.
2020-10-23 11:19:11.828 [INFO ] [g.discovery.internal.PersistentInbox] - Added new thing 'network:pingdevice:192_168_1_103' to inbox.
2020-10-23 11:44:43.714 [WARN ] [org.apache.felix.fileinstall        ] - D:\Docs\MainDocs\VRSimulator\Org\OPENHAB\openhab-2.5.8\addons does not exist, please create it.
2020-10-23 11:44:43.727 [WARN ] [org.apache.felix.fileinstall        ] - Root path does not exist: D:\Docs\MainDocs\VRSimulator\Org\OPENHAB\openhab-2.5.8\addons
2020-10-23 11:44:45.852 [WARN ] [org.apache.karaf.shell.ssh.Activator] - Error starting activator
java.lang.IllegalArgumentException: KeyExchangeFactories not set
	at org.apache.sshd.common.util.ValidateUtils.createFormattedException(ValidateUtils.java:213) ~[bundleFile:1.7.0]
	at org.apache.sshd.common.util.ValidateUtils.throwIllegalArgumentException(ValidateUtils.java:179) ~[bundleFile:1.7.0]
	at org.apache.sshd.common.util.ValidateUtils.checkTrue(ValidateUtils.java:174) ~[bundleFile:1.7.0]
	at org.apache.sshd.common.util.ValidateUtils.checkNotNullAndNotEmpty(ValidateUtils.java:80) ~[bundleFile:1.7.0]
	at org.apache.sshd.common.helpers.AbstractFactoryManager.checkConfig(AbstractFactoryManager.java:475) ~[bundleFile:1.7.0]
	at org.apache.sshd.server.SshServer.checkConfig(SshServer.java:280) ~[bundleFile:1.7.0]
	at org.apache.sshd.server.SshServer.start(SshServer.java:302) ~[bundleFile:1.7.0]
	at org.apache.karaf.shell.ssh.Activator.createAndRunSshServer(Activator.java:124) ~[bundleFile:?]
	at org.apache.karaf.shell.ssh.Activator.doStart(Activator.java:113) ~[bundleFile:?]
	at org.apache.karaf.util.tracker.BaseActivator.run(BaseActivator.java:312) [bundleFile:?]
	at java.util.concurrent.Executors$RunnableAdapter.call(Executors.java:511) [?:1.8.0_265]
	at java.util.concurrent.FutureTask.run(FutureTask.java:266) [?:1.8.0_265]
	at java.util.concurrent.ThreadPoolExecutor.runWorker(ThreadPoolExecutor.java:1149) [?:1.8.0_265]
	at java.util.concurrent.ThreadPoolExecutor$Worker.run(ThreadPoolExecutor.java:624) [?:1.8.0_265]
	at java.lang.Thread.run(Thread.java:748) [?:1.8.0_265]
2020-10-23 11:44:47.139 [INFO ] [.core.internal.i18n.I18nProviderImpl] - Location set to '55.514507,36.985512'.
2020-10-23 11:45:01.435 [WARN ] [org.apache.felix.fileinstall        ] - D:\Docs\MainDocs\VRSimulator\Org\OPENHAB\openhab-2.5.8\addons does not exist, please create it.
2020-10-23 11:45:01.449 [WARN ] [org.apache.felix.fileinstall        ] - Root path does not exist: D:\Docs\MainDocs\VRSimulator\Org\OPENHAB\openhab-2.5.8\addons
2020-10-23 11:45:04.651 [INFO ] [.core.internal.i18n.I18nProviderImpl] - Location set to '55.514507,36.985512'.
2020-10-23 11:45:12.785 [INFO ] [thome.model.lsp.internal.ModelServer] - Started Language Server Protocol (LSP) service on port 5007
2020-10-23 11:45:48.966 [WARN ] [org.apache.felix.fileinstall        ] - D:\Docs\MainDocs\VRSimulator\Org\OPENHAB\openhab-2.5.8\addons does not exist, please create it.
2020-10-23 11:45:48.982 [WARN ] [org.apache.felix.fileinstall        ] - Root path does not exist: D:\Docs\MainDocs\VRSimulator\Org\OPENHAB\openhab-2.5.8\addons
2020-10-23 11:45:51.872 [INFO ] [.core.internal.i18n.I18nProviderImpl] - Location set to '55.514507,36.985512'.
2020-10-23 11:45:58.815 [INFO ] [thome.model.lsp.internal.ModelServer] - Started Language Server Protocol (LSP) service on port 5007
2020-10-23 11:45:59.810 [INFO ] [.dashboard.internal.DashboardService] - Started Dashboard at http://192.168.1.56:8080
2020-10-23 11:45:59.811 [INFO ] [.dashboard.internal.DashboardService] - Started Dashboard at https://192.168.1.56:8443
2020-10-23 11:46:00.494 [INFO ] [ui.habmin.internal.servlet.HABminApp] - Started HABmin servlet at /habmin
2020-10-23 11:46:00.558 [INFO ] [panel.internal.HABPanelDashboardTile] - Started HABPanel at /habpanel
2020-10-23 11:46:00.645 [INFO ] [openhab.ui.paper.internal.PaperUIApp] - Started Paper UI at /paperui
2020-10-23 11:46:00.823 [WARN ] [lipse.smarthome.io.net.exec.ExecUtil] - Execution failed (Exit value: -559038737. Caused by java.io.IOException: Cannot run program "arping" (in directory "."): CreateProcess error=2, The system cannot find the file specified)
2020-10-23 11:46:00.997 [INFO ] [ternal.dhcp.DHCPPacketListenerServer] - DHCP request packet listener online
2020-10-23 11:46:01.676 [WARN ] [lipse.smarthome.io.net.exec.ExecUtil] - Execution failed (Exit value: -559038737. Caused by java.io.IOException: Cannot run program "arping" (in directory "."): CreateProcess error=2, The system cannot find the file specified)
2020-10-23 11:46:03.962 [INFO ] [openhab.ui.paper.internal.PaperUIApp] - Stopped Paper UI
2020-10-23 11:46:03.987 [INFO ] [panel.internal.HABPanelDashboardTile] - Stopped HABPanel
2020-10-23 11:46:04.009 [INFO ] [ui.habmin.internal.servlet.HABminApp] - Stopped HABmin servlet
2020-10-23 11:46:04.043 [INFO ] [assic.internal.servlet.WebAppServlet] - Stopped Classic UI
2020-10-23 11:46:04.077 [INFO ] [basic.internal.servlet.WebAppServlet] - Stopped Basic UI
2020-10-23 11:46:04.259 [INFO ] [.dashboard.internal.DashboardService] - Stopped Dashboard
2020-10-23 11:47:40.697 [WARN ] [org.apache.felix.fileinstall        ] - D:\Docs\MainDocs\VRSimulator\Org\OPENHAB\openhab-2.5.8\addons does not exist, please create it.
2020-10-23 11:47:40.715 [WARN ] [org.apache.felix.fileinstall        ] - Root path does not exist: D:\Docs\MainDocs\VRSimulator\Org\OPENHAB\openhab-2.5.8\addons
2020-10-23 11:47:43.625 [INFO ] [.core.internal.i18n.I18nProviderImpl] - Location set to '55.514507,36.985512'.
